[UTC 2023-03-01 02:12:06] VU19P program successfully
[UTC 2023-03-01 02:12:06] Upload CFG Process
[UTC 2023-03-01 02:12:06] CFG file dose not exists
[UTC 2023-03-01 02:12:07] Trigger cfg successfully
[UTC 2023-03-01 02:12:07] Status data: 0x01
[UTC 2023-03-01 02:12:07] [PROG_SUCCESS_1] bitfile generated by Vivado flow
[UTC 2023-03-01 02:12:07] [0xA0010000 magic_word] 0x00000000
[UTC 2023-03-01 02:12:07] [0xA0010004 signature_word] 0x00000000
[UTC 2023-03-01 02:12:07] [0xA0010008 feature_word] 0x00000000
[UTC 2023-03-02 06:39:22] VU19P program successfully
[UTC 2023-03-02 06:39:22] Upload CFG Process
[UTC 2023-03-02 06:39:22] CFG file dose not exists
[UTC 2023-03-02 06:39:23] Trigger cfg successfully
[UTC 2023-03-02 06:39:23] Status data: 0x01
[UTC 2023-03-02 06:39:23] [PROG_SUCCESS_1] bitfile generated by Vivado flow
[UTC 2023-03-02 06:39:23] [0xA0010000 magic_word] 0x00000000
[UTC 2023-03-02 06:39:23] [0xA0010004 signature_word] 0x00000000
[UTC 2023-03-02 06:39:23] [0xA0010008 feature_word] 0x00000000
[UTC 2023-03-02 07:54:34] VU19P program successfully
[UTC 2023-03-02 09:18:14] VU19P program successfully
[UTC 2023-03-02 09:18:14] Upload CFG Process
[UTC 2023-03-02 09:18:14] CFG file dose not exists
[UTC 2023-03-02 09:18:15] Trigger cfg successfully
[UTC 2023-03-02 09:18:15] Status data: 0x01
[UTC 2023-03-02 09:18:15] [PROG_SUCCESS_1] bitfile generated by Vivado flow
[UTC 2023-03-02 09:18:15] [0xA0010000 magic_word] 0x00000000
[UTC 2023-03-02 09:18:15] [0xA0010004 signature_word] 0x00000000
[UTC 2023-03-02 09:18:15] [0xA0010008 feature_word] 0x00000000
[UTC 2023-03-02 09:35:15] VU19P program successfully
[UTC 2023-03-03 10:02:23] VU19P program successfully
[UTC 2023-03-06 04:19:46] VU19P program successfully
[UTC 2023-03-06 04:50:30] VU19P program successfully
[UTC 2023-03-13 09:17:51] VU19P program successfully
[UTC 2023-03-13 09:29:16] VU19P program successfully
[UTC 2023-03-13 09:39:19] VU19P program successfully
