Copyright 1986-2021 Xilinx, Inc. All Rights Reserved.
-----------------------------------------------------------------------------------------
| Tool Version      : Vivado v.2021.2 (lin64) Build 3367213 Tue Oct 19 02:47:39 MDT 2021
| Date              : Wed Mar 15 17:09:50 2023
| Host              : cx6 running 64-bit Ubuntu 20.04.4 LTS
| Command           : report_timing_summary -file ./23Mar15_timing.rpt
| Design            : top_wrapper
| Device            : xcvu19p-fsva3824
| Speed File        : -2  PRODUCTION 1.31 12-02-2020
| Temperature Grade : E
-----------------------------------------------------------------------------------------

Timing Summary Report

------------------------------------------------------------------------------------------------
| Timer Settings
| --------------
------------------------------------------------------------------------------------------------

  Enable Multi Corner Analysis               :  Yes
  Enable Pessimism Removal                   :  Yes
  Pessimism Removal Resolution               :  Nearest Common Node
  Enable Input Delay Default Clock           :  No
  Enable Preset / Clear Arcs                 :  No
  Disable Flight Delays                      :  No
  Ignore I/O Paths                           :  No
  Timing Early Launch at Borrowing Latches   :  No
  Borrow Time for Max Delay Exceptions       :  Yes
  Merge Timing Exceptions                    :  Yes

  Corner  Analyze    Analyze    
  Name    Max Paths  Min Paths  
  ------  ---------  ---------  
  Slow    Yes        Yes        
  Fast    Yes        Yes        


------------------------------------------------------------------------------------------------
| Report Methodology
| ------------------
------------------------------------------------------------------------------------------------

No report available as report_methodology has not been run prior. Run report_methodology on the current design for the summary of methodology violations.



check_timing report

Table of Contents
-----------------
1. checking no_clock (0)
2. checking constant_clock (0)
3. checking pulse_width_clock (0)
4. checking unconstrained_internal_endpoints (0)
5. checking no_input_delay (1)
6. checking no_output_delay (0)
7. checking multiple_clock (0)
8. checking generated_clocks (0)
9. checking loops (0)
10. checking partial_input_delay (0)
11. checking partial_output_delay (0)
12. checking latch_loops (0)

1. checking no_clock (0)
------------------------
 There are 0 register/latch pins with no clock.


2. checking constant_clock (0)
------------------------------
 There are 0 register/latch pins with constant_clock.


3. checking pulse_width_clock (0)
---------------------------------
 There are 0 register/latch pins which need pulse_width check


4. checking unconstrained_internal_endpoints (0)
------------------------------------------------
 There are 0 pins that are not constrained for maximum delay.

 There are 0 pins that are not constrained for maximum delay due to constant clock.


5. checking no_input_delay (1)
------------------------------
 There is 1 input port with no input delay specified. (HIGH)

 There are 0 input ports with no input delay but user has a false path constraint.


6. checking no_output_delay (0)
-------------------------------
 There are 0 ports with no output delay specified.

 There are 0 ports with no output delay but user has a false path constraint

 There are 0 ports with no output delay but with a timing clock defined on it or propagating through it


7. checking multiple_clock (0)
------------------------------
 There are 0 register/latch pins with multiple clocks.


8. checking generated_clocks (0)
--------------------------------
 There are 0 generated clocks that are not connected to a clock source.


9. checking loops (0)
---------------------
 There are 0 combinational loops in the design.


10. checking partial_input_delay (0)
------------------------------------
 There are 0 input ports with partial input delay specified.


11. checking partial_output_delay (0)
-------------------------------------
 There are 0 ports with partial output delay specified.


12. checking latch_loops (0)
----------------------------
 There are 0 combinational latch loops in the design through latch input



------------------------------------------------------------------------------------------------
| Design Timing Summary
| ---------------------
------------------------------------------------------------------------------------------------

    WNS(ns)      TNS(ns)  TNS Failing Endpoints  TNS Total Endpoints      WHS(ns)      THS(ns)  THS Failing Endpoints  THS Total Endpoints     WPWS(ns)     TPWS(ns)  TPWS Failing Endpoints  TPWS Total Endpoints  
    -------      -------  ---------------------  -------------------      -------      -------  ---------------------  -------------------     --------     --------  ----------------------  --------------------  
      3.029        0.000                      0                 8900        0.022        0.000                      0                 8900        2.000        0.000                       0                  1869  


All user specified timing constraints are met.


------------------------------------------------------------------------------------------------
| Clock Summary
| -------------
------------------------------------------------------------------------------------------------

Clock                                                        Waveform(ns)       Period(ns)      Frequency(MHz)
-----                                                        ------------       ----------      --------------
CLK_clk_p                                                    {0.000 5.000}      10.000          100.000         
  clk_out1_top_clk_wiz_1_0                                   {0.000 5.000}      10.000          100.000         
top_i/mdm_1/U0/Use_E2.BSCAN_I/Use_E2.BSCANE2_I/INTERNAL_TCK  {0.000 16.666}     33.333          30.000          
  top_i/mdm_1/U0/Use_E2.BSCAN_I/Use_E2.BSCANE2_I/DRCK        {0.000 16.666}     33.333          30.000          
  top_i/mdm_1/U0/Use_E2.BSCAN_I/Use_E2.BSCANE2_I/UPDATE      {0.000 33.333}     66.666          15.000          


------------------------------------------------------------------------------------------------
| Intra Clock Table
| -----------------
------------------------------------------------------------------------------------------------

Clock                                                        WNS(ns)      TNS(ns)  TNS Failing Endpoints  TNS Total Endpoints      WHS(ns)      THS(ns)  THS Failing Endpoints  THS Total Endpoints     WPWS(ns)     TPWS(ns)  TPWS Failing Endpoints  TPWS Total Endpoints  
-----                                                        -------      -------  ---------------------  -------------------      -------      -------  ---------------------  -------------------     --------     --------  ----------------------  --------------------  
CLK_clk_p                                                                                                                                                                                                  2.000        0.000                       0                     1  
  clk_out1_top_clk_wiz_1_0                                     3.029        0.000                      0                 8600        0.022        0.000                      0                 8600        4.458        0.000                       0                  1577  
  top_i/mdm_1/U0/Use_E2.BSCAN_I/Use_E2.BSCANE2_I/DRCK         15.116        0.000                      0                  251        0.031        0.000                      0                  251       16.134        0.000                       0                   249  
  top_i/mdm_1/U0/Use_E2.BSCAN_I/Use_E2.BSCANE2_I/UPDATE       30.999        0.000                      0                   48        0.084        0.000                      0                   48       33.058        0.000                       0                    42  


------------------------------------------------------------------------------------------------
| Inter Clock Table
| -----------------
------------------------------------------------------------------------------------------------

From Clock    To Clock          WNS(ns)      TNS(ns)  TNS Failing Endpoints  TNS Total Endpoints      WHS(ns)      THS(ns)  THS Failing Endpoints  THS Total Endpoints  
----------    --------          -------      -------  ---------------------  -------------------      -------      -------  ---------------------  -------------------  


------------------------------------------------------------------------------------------------
| Other Path Groups Table
| -----------------------
------------------------------------------------------------------------------------------------

Path Group                                             From Clock                                             To Clock                                                   WNS(ns)      TNS(ns)  TNS Failing Endpoints  TNS Total Endpoints      WHS(ns)      THS(ns)  THS Failing Endpoints  THS Total Endpoints  
----------                                             ----------                                             --------                                                   -------      -------  ---------------------  -------------------      -------      -------  ---------------------  -------------------  
**async_default**                                      top_i/mdm_1/U0/Use_E2.BSCAN_I/Use_E2.BSCANE2_I/UPDATE  top_i/mdm_1/U0/Use_E2.BSCAN_I/Use_E2.BSCANE2_I/UPDATE       32.490        0.000                      0                    1       33.327        0.000                      0                    1  


------------------------------------------------------------------------------------------------
| Timing Details
| --------------
------------------------------------------------------------------------------------------------


---------------------------------------------------------------------------------------------------
From Clock:  CLK_clk_p
  To Clock:  CLK_clk_p

Setup :           NA  Failing Endpoints,  Worst Slack           NA  ,  Total Violation           NA
Hold  :           NA  Failing Endpoints,  Worst Slack           NA  ,  Total Violation           NA
PW    :            0  Failing Endpoints,  Worst Slack        2.000ns,  Total Violation        0.000ns
---------------------------------------------------------------------------------------------------


Pulse Width Checks
--------------------------------------------------------------------------------------
Clock Name:         CLK_clk_p
Waveform(ns):       { 0.000 5.000 }
Period(ns):         10.000
Sources:            { CLK_clk_p }

Check Type        Corner  Lib Pin            Reference Pin  Required(ns)  Actual(ns)  Slack(ns)  Location   Pin
Min Period        n/a     MMCME4_ADV/CLKIN1  n/a            1.071         10.000      8.929      MMCM_X0Y4  top_i/clk_wiz_1/inst/mmcme4_adv_inst/CLKIN1
Max Period        n/a     MMCME4_ADV/CLKIN1  n/a            100.000       10.000      90.000     MMCM_X0Y4  top_i/clk_wiz_1/inst/mmcme4_adv_inst/CLKIN1
Low Pulse Width   Slow    MMCME4_ADV/CLKIN1  n/a            3.000         5.000       2.000      MMCM_X0Y4  top_i/clk_wiz_1/inst/mmcme4_adv_inst/CLKIN1
High Pulse Width  Slow    MMCME4_ADV/CLKIN1  n/a            3.000         5.000       2.000      MMCM_X0Y4  top_i/clk_wiz_1/inst/mmcme4_adv_inst/CLKIN1



---------------------------------------------------------------------------------------------------
From Clock:  clk_out1_top_clk_wiz_1_0
  To Clock:  clk_out1_top_clk_wiz_1_0

Setup :            0  Failing Endpoints,  Worst Slack        3.029ns,  Total Violation        0.000ns
Hold  :            0  Failing Endpoints,  Worst Slack        0.022ns,  Total Violation        0.000ns
PW    :            0  Failing Endpoints,  Worst Slack        4.458ns,  Total Violation        0.000ns
---------------------------------------------------------------------------------------------------


Max Delay Paths
--------------------------------------------------------------------------------------
Slack (MET) :             3.029ns  (required time - arrival time)
  Source:                 top_i/microblaze_0/U0/MicroBlaze_Core_I/Performance.Core/Decode_I/EX_ALU_Op_reg[0]/C
                            (rising edge-triggered cell FDRE clocked by clk_out1_top_clk_wiz_1_0  {rise@0.000ns fall@5.000ns period=10.000ns})
  Destination:            top_i/microblaze_0_local_memory/lmb_bram/U0/inst_blk_mem_gen/gnbram.gnative_mem_map_bmg.native_mem_map_blk_mem_gen/valid.cstr/ramloop[24].ram.r/prim_noinit.ram/DEVICE_8SERIES.WITH_BMM_INFO.TRUE_DP.CASCADED_PRIM36_TDP.ram_B/ADDRARDADDR[14]
                            (rising edge-triggered cell RAMB36E2 clocked by clk_out1_top_clk_wiz_1_0  {rise@0.000ns fall@5.000ns period=10.000ns})
  Path Group:             clk_out1_top_clk_wiz_1_0
  Path Type:              Setup (Max at Slow Process Corner)
  Requirement:            10.000ns  (clk_out1_top_clk_wiz_1_0 rise@10.000ns - clk_out1_top_clk_wiz_1_0 rise@0.000ns)
  Data Path Delay:        6.943ns  (logic 0.478ns (6.885%)  route 6.465ns (93.115%))
  Logic Levels:           3  (CARRY8=2 LUT6=1)
  Clock Path Skew:        0.327ns (DCD - SCD + CPR)
    Destination Clock Delay (DCD):    4.752ns = ( 14.752 - 10.000 ) 
    Source Clock Delay      (SCD):    4.004ns
    Clock Pessimism Removal (CPR):    -0.421ns
  Clock Uncertainty:      0.068ns  ((TSJ^2 + DJ^2)^1/2) / 2 + PE
    Total System Jitter     (TSJ):    0.071ns
    Discrete Jitter          (DJ):    0.116ns
    Phase Error              (PE):    0.000ns
  Clock Net Delay (Source):      2.703ns (routing 1.441ns, distribution 1.262ns)
  Clock Net Delay (Destination): 2.900ns (routing 1.311ns, distribution 1.589ns)

    Location             Delay type                Incr(ns)  Path(ns)    Netlist Resource(s)
  -------------------------------------------------------------------    -------------------
                         (clock clk_out1_top_clk_wiz_1_0 rise edge)
                                                      0.000     0.000 r  
    BN53                                              0.000     0.000 r  CLK_clk_p (IN)
                         net (fo=0)                   0.000     0.000    top_i/clk_wiz_1/inst/clkin1_ibufds/I
    HPIOBDIFFINBUF_X0Y106
                         DIFFINBUF (Prop_DIFFINBUF_HPIOBDIFFINBUF_DIFF_IN_P_O)
                                                      0.722     0.722 r  top_i/clk_wiz_1/inst/clkin1_ibufds/DIFFINBUF_INST/O
                         net (fo=1, routed)           0.050     0.772    top_i/clk_wiz_1/inst/clkin1_ibufds/OUT
    BN53                 IBUFCTRL (Prop_IBUFCTRL_HPIOB_M_I_O)
                                                      0.000     0.772 r  top_i/clk_wiz_1/inst/clkin1_ibufds/IBUFCTRL_INST/O
                         net (fo=1, routed)           0.384     1.156    top_i/clk_wiz_1/inst/clk_in1_top_clk_wiz_1_0
    MMCM_X0Y4            MMCME4_ADV (Prop_MMCM_CLKIN1_CLKOUT0)
                                                     -0.127     1.029 r  top_i/clk_wiz_1/inst/mmcme4_adv_inst/CLKOUT0
                         net (fo=1, routed)           0.244     1.273    top_i/clk_wiz_1/inst/clk_out1_top_clk_wiz_1_0
    BUFGCE_X0Y98         BUFGCE (Prop_BUFCE_BUFGCE_I_O)
                                                      0.028     1.301 r  top_i/clk_wiz_1/inst/clkout1_buf/O
    X3Y6 (CLOCK_ROOT)    net (fo=1575, routed)        2.703     4.004    top_i/microblaze_0/U0/MicroBlaze_Core_I/Performance.Core/Decode_I/Clk
    SLR Crossing[0->1]   
    SLICE_X167Y428       FDRE                                         r  top_i/microblaze_0/U0/MicroBlaze_Core_I/Performance.Core/Decode_I/EX_ALU_Op_reg[0]/C
  -------------------------------------------------------------------    -------------------
    SLICE_X167Y428       FDRE (Prop_CFF_SLICEL_C_Q)
                                                      0.079     4.083 r  top_i/microblaze_0/U0/MicroBlaze_Core_I/Performance.Core/Decode_I/EX_ALU_Op_reg[0]/Q
                         net (fo=65, routed)          0.454     4.537    top_i/microblaze_0/U0/MicroBlaze_Core_I/Performance.Core/Data_Flow_I/ALU_I/Using_FPGA.ALL_Bits[25].ALU_Bit_I1/Not_Last_Bit.I_ALU_LUT_V5/Using_FPGA.Native/I1
    SLICE_X165Y434       LUT6 (Prop_B6LUT_SLICEL_I1_O)
                                                      0.124     4.661 r  top_i/microblaze_0/U0/MicroBlaze_Core_I/Performance.Core/Data_Flow_I/ALU_I/Using_FPGA.ALL_Bits[25].ALU_Bit_I1/Not_Last_Bit.I_ALU_LUT_V5/Using_FPGA.Native/LUT6/O
                         net (fo=1, routed)           0.009     4.670    top_i/microblaze_0/U0/MicroBlaze_Core_I/Performance.Core/Data_Flow_I/ALU_I/Using_FPGA.ALL_Bits[26].ALU_Bit_I1/Not_Last_Bit.MUXCY_XOR_I/lopt_3
    SLICE_X165Y434       CARRY8 (Prop_CARRY8_SLICEL_S[1]_CO[7])
                                                      0.186     4.856 r  top_i/microblaze_0/U0/MicroBlaze_Core_I/Performance.Core/Data_Flow_I/ALU_I/Using_FPGA.ALL_Bits[26].ALU_Bit_I1/Not_Last_Bit.MUXCY_XOR_I/Using_FPGA.Native_I1_CARRY4_CARRY8/CO[7]
                         net (fo=1, routed)           0.026     4.882    top_i/microblaze_0/U0/MicroBlaze_Core_I/Performance.Core/Data_Flow_I/ALU_I/Using_FPGA.ALL_Bits[18].ALU_Bit_I1/Not_Last_Bit.MUXCY_XOR_I/LO
    SLICE_X165Y435       CARRY8 (Prop_CARRY8_SLICEL_CI_O[3])
                                                      0.089     4.971 r  top_i/microblaze_0/U0/MicroBlaze_Core_I/Performance.Core/Data_Flow_I/ALU_I/Using_FPGA.ALL_Bits[18].ALU_Bit_I1/Not_Last_Bit.MUXCY_XOR_I/Using_FPGA.Native_I1_CARRY4_CARRY8/O[3]
                         net (fo=131, routed)         5.976    10.947    top_i/microblaze_0_local_memory/lmb_bram/U0/inst_blk_mem_gen/gnbram.gnative_mem_map_bmg.native_mem_map_blk_mem_gen/valid.cstr/ramloop[24].ram.r/prim_noinit.ram/addra[14]
    RAMB36_X6Y70         RAMB36E2                                     r  top_i/microblaze_0_local_memory/lmb_bram/U0/inst_blk_mem_gen/gnbram.gnative_mem_map_bmg.native_mem_map_blk_mem_gen/valid.cstr/ramloop[24].ram.r/prim_noinit.ram/DEVICE_8SERIES.WITH_BMM_INFO.TRUE_DP.CASCADED_PRIM36_TDP.ram_B/ADDRARDADDR[14]
  -------------------------------------------------------------------    -------------------

                         (clock clk_out1_top_clk_wiz_1_0 rise edge)
                                                     10.000    10.000 r  
    BN53                                              0.000    10.000 r  CLK_clk_p (IN)
                         net (fo=0)                   0.000    10.000    top_i/clk_wiz_1/inst/clkin1_ibufds/I
    HPIOBDIFFINBUF_X0Y106
                         DIFFINBUF (Prop_DIFFINBUF_HPIOBDIFFINBUF_DIFF_IN_P_O)
                                                      0.611    10.611 r  top_i/clk_wiz_1/inst/clkin1_ibufds/DIFFINBUF_INST/O
                         net (fo=1, routed)           0.040    10.651    top_i/clk_wiz_1/inst/clkin1_ibufds/OUT
    BN53                 IBUFCTRL (Prop_IBUFCTRL_HPIOB_M_I_O)
                                                      0.000    10.651 r  top_i/clk_wiz_1/inst/clkin1_ibufds/IBUFCTRL_INST/O
                         net (fo=1, routed)           0.333    10.984    top_i/clk_wiz_1/inst/clk_in1_top_clk_wiz_1_0
    MMCM_X0Y4            MMCME4_ADV (Prop_MMCM_CLKIN1_CLKOUT0)
                                                      0.630    11.614 r  top_i/clk_wiz_1/inst/mmcme4_adv_inst/CLKOUT0
                         net (fo=1, routed)           0.214    11.828    top_i/clk_wiz_1/inst/clk_out1_top_clk_wiz_1_0
    BUFGCE_X0Y98         BUFGCE (Prop_BUFCE_BUFGCE_I_O)
                                                      0.024    11.852 r  top_i/clk_wiz_1/inst/clkout1_buf/O
    X3Y6 (CLOCK_ROOT)    net (fo=1575, routed)        2.900    14.752    top_i/microblaze_0_local_memory/lmb_bram/U0/inst_blk_mem_gen/gnbram.gnative_mem_map_bmg.native_mem_map_blk_mem_gen/valid.cstr/ramloop[24].ram.r/prim_noinit.ram/clka
    SLR Crossing[0->1]   
    RAMB36_X6Y70         RAMB36E2                                     r  top_i/microblaze_0_local_memory/lmb_bram/U0/inst_blk_mem_gen/gnbram.gnative_mem_map_bmg.native_mem_map_blk_mem_gen/valid.cstr/ramloop[24].ram.r/prim_noinit.ram/DEVICE_8SERIES.WITH_BMM_INFO.TRUE_DP.CASCADED_PRIM36_TDP.ram_B/CLKARDCLK
                         clock pessimism             -0.421    14.331    
                         clock uncertainty           -0.068    14.263    
    RAMB36_X6Y70         RAMB36E2 (Setup_RAMB36E2_RAMB36_CLKARDCLK_ADDRARDADDR[14])
                                                     -0.287    13.976    top_i/microblaze_0_local_memory/lmb_bram/U0/inst_blk_mem_gen/gnbram.gnative_mem_map_bmg.native_mem_map_blk_mem_gen/valid.cstr/ramloop[24].ram.r/prim_noinit.ram/DEVICE_8SERIES.WITH_BMM_INFO.TRUE_DP.CASCADED_PRIM36_TDP.ram_B
  -------------------------------------------------------------------
                         required time                         13.976    
                         arrival time                         -10.947    
  -------------------------------------------------------------------
                         slack                                  3.029    





Min Delay Paths
--------------------------------------------------------------------------------------
Slack (MET) :             0.022ns  (arrival time - required time)
  Source:                 top_i/microblaze_0/U0/MicroBlaze_Core_I/Performance.Core/Decode_I/wb_gpr_write_addr_reg[4]/C
                            (rising edge-triggered cell FDRE clocked by clk_out1_top_clk_wiz_1_0  {rise@0.000ns fall@5.000ns period=10.000ns})
  Destination:            top_i/microblaze_0/U0/MicroBlaze_Core_I/Performance.Core/Data_Flow_I/Register_File_I/Using_LUT6.All_RAM32M[8].ram32m_i/Using_FPGA.Native/RAMA/WADR0
                            (rising edge-triggered cell RAMD32 clocked by clk_out1_top_clk_wiz_1_0  {rise@0.000ns fall@5.000ns period=10.000ns})
  Path Group:             clk_out1_top_clk_wiz_1_0
  Path Type:              Hold (Min at Slow Process Corner)
  Requirement:            0.000ns  (clk_out1_top_clk_wiz_1_0 rise@0.000ns - clk_out1_top_clk_wiz_1_0 rise@0.000ns)
  Data Path Delay:        0.235ns  (logic 0.059ns (25.106%)  route 0.176ns (74.894%))
  Logic Levels:           0  
  Clock Path Skew:        0.128ns (DCD - SCD - CPR)
    Destination Clock Delay (DCD):    4.027ns
    Source Clock Delay      (SCD):    4.254ns
    Clock Pessimism Removal (CPR):    -0.355ns
  Clock Net Delay (Source):      2.402ns (routing 1.311ns, distribution 1.091ns)
  Clock Net Delay (Destination): 2.726ns (routing 1.441ns, distribution 1.285ns)

    Location             Delay type                Incr(ns)  Path(ns)    Netlist Resource(s)
  -------------------------------------------------------------------    -------------------
                         (clock clk_out1_top_clk_wiz_1_0 rise edge)
                                                      0.000     0.000 r  
    BN53                                              0.000     0.000 r  CLK_clk_p (IN)
                         net (fo=0)                   0.000     0.000    top_i/clk_wiz_1/inst/clkin1_ibufds/I
    HPIOBDIFFINBUF_X0Y106
                         DIFFINBUF (Prop_DIFFINBUF_HPIOBDIFFINBUF_DIFF_IN_P_O)
                                                      0.611     0.611 r  top_i/clk_wiz_1/inst/clkin1_ibufds/DIFFINBUF_INST/O
                         net (fo=1, routed)           0.040     0.651    top_i/clk_wiz_1/inst/clkin1_ibufds/OUT
    BN53                 IBUFCTRL (Prop_IBUFCTRL_HPIOB_M_I_O)
                                                      0.000     0.651 r  top_i/clk_wiz_1/inst/clkin1_ibufds/IBUFCTRL_INST/O
                         net (fo=1, routed)           0.333     0.984    top_i/clk_wiz_1/inst/clk_in1_top_clk_wiz_1_0
    MMCM_X0Y4            MMCME4_ADV (Prop_MMCM_CLKIN1_CLKOUT0)
                                                      0.630     1.614 r  top_i/clk_wiz_1/inst/mmcme4_adv_inst/CLKOUT0
                         net (fo=1, routed)           0.214     1.828    top_i/clk_wiz_1/inst/clk_out1_top_clk_wiz_1_0
    BUFGCE_X0Y98         BUFGCE (Prop_BUFCE_BUFGCE_I_O)
                                                      0.024     1.852 r  top_i/clk_wiz_1/inst/clkout1_buf/O
    X3Y6 (CLOCK_ROOT)    net (fo=1575, routed)        2.402     4.254    top_i/microblaze_0/U0/MicroBlaze_Core_I/Performance.Core/Decode_I/Clk
    SLR Crossing[0->1]   
    SLICE_X167Y435       FDRE                                         r  top_i/microblaze_0/U0/MicroBlaze_Core_I/Performance.Core/Decode_I/wb_gpr_write_addr_reg[4]/C
  -------------------------------------------------------------------    -------------------
    SLICE_X167Y435       FDRE (Prop_CFF2_SLICEL_C_Q)
                                                      0.059     4.313 r  top_i/microblaze_0/U0/MicroBlaze_Core_I/Performance.Core/Decode_I/wb_gpr_write_addr_reg[4]/Q
                         net (fo=131, routed)         0.176     4.489    top_i/microblaze_0/U0/MicroBlaze_Core_I/Performance.Core/Data_Flow_I/Register_File_I/Using_LUT6.All_RAM32M[8].ram32m_i/Using_FPGA.Native/ADDRD0
    SLICE_X162Y432       RAMD32                                       r  top_i/microblaze_0/U0/MicroBlaze_Core_I/Performance.Core/Data_Flow_I/Register_File_I/Using_LUT6.All_RAM32M[8].ram32m_i/Using_FPGA.Native/RAMA/WADR0
  -------------------------------------------------------------------    -------------------

                         (clock clk_out1_top_clk_wiz_1_0 rise edge)
                                                      0.000     0.000 r  
    BN53                                              0.000     0.000 r  CLK_clk_p (IN)
                         net (fo=0)                   0.000     0.000    top_i/clk_wiz_1/inst/clkin1_ibufds/I
    HPIOBDIFFINBUF_X0Y106
                         DIFFINBUF (Prop_DIFFINBUF_HPIOBDIFFINBUF_DIFF_IN_P_O)
                                                      0.722     0.722 r  top_i/clk_wiz_1/inst/clkin1_ibufds/DIFFINBUF_INST/O
                         net (fo=1, routed)           0.050     0.772    top_i/clk_wiz_1/inst/clkin1_ibufds/OUT
    BN53                 IBUFCTRL (Prop_IBUFCTRL_HPIOB_M_I_O)
                                                      0.000     0.772 r  top_i/clk_wiz_1/inst/clkin1_ibufds/IBUFCTRL_INST/O
                         net (fo=1, routed)           0.384     1.156    top_i/clk_wiz_1/inst/clk_in1_top_clk_wiz_1_0
    MMCM_X0Y4            MMCME4_ADV (Prop_MMCM_CLKIN1_CLKOUT0)
                                                     -0.127     1.029 r  top_i/clk_wiz_1/inst/mmcme4_adv_inst/CLKOUT0
                         net (fo=1, routed)           0.244     1.273    top_i/clk_wiz_1/inst/clk_out1_top_clk_wiz_1_0
    BUFGCE_X0Y98         BUFGCE (Prop_BUFCE_BUFGCE_I_O)
                                                      0.028     1.301 r  top_i/clk_wiz_1/inst/clkout1_buf/O
    X3Y6 (CLOCK_ROOT)    net (fo=1575, routed)        2.726     4.027    top_i/microblaze_0/U0/MicroBlaze_Core_I/Performance.Core/Data_Flow_I/Register_File_I/Using_LUT6.All_RAM32M[8].ram32m_i/Using_FPGA.Native/WCLK
    SLR Crossing[0->1]   
    SLICE_X162Y432       RAMD32                                       r  top_i/microblaze_0/U0/MicroBlaze_Core_I/Performance.Core/Data_Flow_I/Register_File_I/Using_LUT6.All_RAM32M[8].ram32m_i/Using_FPGA.Native/RAMA/CLK
                         clock pessimism              0.355     4.382    
    SLICE_X162Y432       RAMD32 (Hold_E5LUT_SLICEM_CLK_WADR0)
                                                      0.085     4.467    top_i/microblaze_0/U0/MicroBlaze_Core_I/Performance.Core/Data_Flow_I/Register_File_I/Using_LUT6.All_RAM32M[8].ram32m_i/Using_FPGA.Native/RAMA
  -------------------------------------------------------------------
                         required time                         -4.467    
                         arrival time                           4.489    
  -------------------------------------------------------------------
                         slack                                  0.022    





Pulse Width Checks
--------------------------------------------------------------------------------------
Clock Name:         clk_out1_top_clk_wiz_1_0
Waveform(ns):       { 0.000 5.000 }
Period(ns):         10.000
Sources:            { top_i/clk_wiz_1/inst/mmcme4_adv_inst/CLKOUT0 }

Check Type        Corner  Lib Pin             Reference Pin  Required(ns)  Actual(ns)  Slack(ns)  Location      Pin
Min Period        n/a     RAMB36E2/CLKARDCLK  n/a            1.355         10.000      8.645      RAMB36_X1Y72  top_i/microblaze_0_local_memory/lmb_bram/U0/inst_blk_mem_gen/gnbram.gnative_mem_map_bmg.native_mem_map_blk_mem_gen/valid.cstr/ramloop[0].ram.r/prim_noinit.ram/DEVICE_8SERIES.WITH_BMM_INFO.TRUE_DP.CASCADED_PRIM36_TDP.ram_B/CLKARDCLK
Low Pulse Width   Slow    RAMB36E2/CLKARDCLK  n/a            0.542         5.000       4.458      RAMB36_X1Y72  top_i/microblaze_0_local_memory/lmb_bram/U0/inst_blk_mem_gen/gnbram.gnative_mem_map_bmg.native_mem_map_blk_mem_gen/valid.cstr/ramloop[0].ram.r/prim_noinit.ram/DEVICE_8SERIES.WITH_BMM_INFO.TRUE_DP.CASCADED_PRIM36_TDP.ram_B/CLKARDCLK
High Pulse Width  Slow    RAMB36E2/CLKARDCLK  n/a            0.542         5.000       4.458      RAMB36_X1Y72  top_i/microblaze_0_local_memory/lmb_bram/U0/inst_blk_mem_gen/gnbram.gnative_mem_map_bmg.native_mem_map_blk_mem_gen/valid.cstr/ramloop[0].ram.r/prim_noinit.ram/DEVICE_8SERIES.WITH_BMM_INFO.TRUE_DP.CASCADED_PRIM36_TDP.ram_B/CLKARDCLK



---------------------------------------------------------------------------------------------------
From Clock:  top_i/mdm_1/U0/Use_E2.BSCAN_I/Use_E2.BSCANE2_I/DRCK
  To Clock:  top_i/mdm_1/U0/Use_E2.BSCAN_I/Use_E2.BSCANE2_I/DRCK

Setup :            0  Failing Endpoints,  Worst Slack       15.116ns,  Total Violation        0.000ns
Hold  :            0  Failing Endpoints,  Worst Slack        0.031ns,  Total Violation        0.000ns
PW    :            0  Failing Endpoints,  Worst Slack       16.134ns,  Total Violation        0.000ns
---------------------------------------------------------------------------------------------------


Max Delay Paths
--------------------------------------------------------------------------------------
Slack (MET) :             15.116ns  (required time - arrival time)
  Source:                 top_i/mdm_1/U0/MDM_Core_I1/JTAG_CONTROL_I/Use_BSCAN.SYNC_FDRE/Using_FPGA.Native/C
                            (falling edge-triggered cell FDRE clocked by top_i/mdm_1/U0/Use_E2.BSCAN_I/Use_E2.BSCANE2_I/DRCK  {rise@0.000ns fall@16.667ns period=33.333ns})
  Destination:            top_i/microblaze_0/U0/MicroBlaze_Core_I/Performance.Core/Use_Debug_Logic.Master_Core.Debug_Perf/Serial_Dbg_Intf.shift_count_reg[1]/D
                            (rising edge-triggered cell FDRE clocked by top_i/mdm_1/U0/Use_E2.BSCAN_I/Use_E2.BSCANE2_I/DRCK  {rise@0.000ns fall@16.667ns period=33.333ns})
  Path Group:             top_i/mdm_1/U0/Use_E2.BSCAN_I/Use_E2.BSCANE2_I/DRCK
  Path Type:              Setup (Max at Slow Process Corner)
  Requirement:            16.667ns  (top_i/mdm_1/U0/Use_E2.BSCAN_I/Use_E2.BSCANE2_I/DRCK rise@33.333ns - top_i/mdm_1/U0/Use_E2.BSCAN_I/Use_E2.BSCANE2_I/DRCK fall@16.667ns)
  Data Path Delay:        1.236ns  (logic 0.291ns (23.544%)  route 0.945ns (76.456%))
  Logic Levels:           2  (LUT3=1 LUT6=1)
  Clock Path Skew:        -0.104ns (DCD - SCD + CPR)
    Destination Clock Delay (DCD):    5.330ns = ( 38.663 - 33.333 ) 
    Source Clock Delay      (SCD):    12.318ns = ( 28.985 - 16.667 ) 
    Clock Pessimism Removal (CPR):    6.884ns
  Clock Uncertainty:      0.235ns  ((TSJ^2 + TIJ^2)^1/2 + DJ) / 2 + PE + DCD
    Total System Jitter     (TSJ):    0.071ns
    Total Input Jitter      (TIJ):    0.000ns
    Discrete Jitter          (DJ):    0.000ns
    Phase Error              (PE):    0.000ns
    Duty Cycle Distortion   (DCD):    0.200ns
  Clock Net Delay (Source):      1.850ns (routing 0.996ns, distribution 0.854ns)
  Clock Net Delay (Destination): 1.658ns (routing 0.908ns, distribution 0.750ns)

    Location             Delay type                Incr(ns)  Path(ns)    Netlist Resource(s)
  -------------------------------------------------------------------    -------------------
                         (clock top_i/mdm_1/U0/Use_E2.BSCAN_I/Use_E2.BSCANE2_I/DRCK fall edge)
                                                     16.667    16.667 f  
    CONFIG_SITE_X0Y1     BSCANE2                      0.000    16.667 f  top_i/mdm_1/U0/Use_E2.BSCAN_I/Use_E2.BSCANE2_I/INTERNAL_TCK
    CONFIG_SITE_X0Y1     BSCANE2 (Prop_BSCAN2_CONFIG_SITE_INTERNAL_TCK_DRCK)
                                                      5.900    22.566 f  top_i/mdm_1/U0/Use_E2.BSCAN_I/Use_E2.BSCANE2_I/DRCK
                         net (fo=1, routed)           4.540    27.106    top_i/mdm_1/U0/No_Dbg_Reg_Access.BUFG_DRCK/DRCK
    BUFGCE_X0Y144        BUFGCE (Prop_BUFCE_BUFGCE_I_O)
                                                      0.028    27.134 f  top_i/mdm_1/U0/No_Dbg_Reg_Access.BUFG_DRCK/Using_FPGA.Native/O
    X3Y6 (CLOCK_ROOT)    net (fo=248, routed)         1.850    28.984    top_i/mdm_1/U0/MDM_Core_I1/JTAG_CONTROL_I/Use_BSCAN.SYNC_FDRE/Using_FPGA.Native_1
    SLICE_X170Y405       FDRE                                         r  top_i/mdm_1/U0/MDM_Core_I1/JTAG_CONTROL_I/Use_BSCAN.SYNC_FDRE/Using_FPGA.Native/C  (IS_INVERTED)
  -------------------------------------------------------------------    -------------------
    SLICE_X170Y405       FDRE (Prop_AFF_SLICEL_C_Q)
                                                      0.079    29.063 r  top_i/mdm_1/U0/MDM_Core_I1/JTAG_CONTROL_I/Use_BSCAN.SYNC_FDRE/Using_FPGA.Native/Q
                         net (fo=4, routed)           0.145    29.208    top_i/mdm_1/U0/MDM_Core_I1/JTAG_CONTROL_I/Use_BSCAN.SYNC_FDRE/sync
    SLICE_X169Y406       LUT6 (Prop_G6LUT_SLICEL_I0_O)
                                                      0.089    29.298 r  top_i/mdm_1/U0/MDM_Core_I1/JTAG_CONTROL_I/Use_BSCAN.SYNC_FDRE/Dbg_Shift_0_INST_0/O
                         net (fo=16, routed)          0.531    29.829    top_i/microblaze_0/U0/MicroBlaze_Core_I/Performance.Core/Use_Debug_Logic.Master_Core.Debug_Perf/Dbg_Shift
    SLICE_X165Y438       LUT3 (Prop_C6LUT_SLICEL_I2_O)
                                                      0.123    29.951 r  top_i/microblaze_0/U0/MicroBlaze_Core_I/Performance.Core/Use_Debug_Logic.Master_Core.Debug_Perf/Serial_Dbg_Intf.shift_count[1]_i_1/O
                         net (fo=1, routed)           0.269    30.220    top_i/microblaze_0/U0/MicroBlaze_Core_I/Performance.Core/Use_Debug_Logic.Master_Core.Debug_Perf/p_0_in[1]
    SLICE_X165Y439       FDRE                                         r  top_i/microblaze_0/U0/MicroBlaze_Core_I/Performance.Core/Use_Debug_Logic.Master_Core.Debug_Perf/Serial_Dbg_Intf.shift_count_reg[1]/D
  -------------------------------------------------------------------    -------------------

                         (clock top_i/mdm_1/U0/Use_E2.BSCAN_I/Use_E2.BSCANE2_I/DRCK rise edge)
                                                     33.333    33.333 r  
    CONFIG_SITE_X0Y1     BSCANE2                      0.000    33.333 r  top_i/mdm_1/U0/Use_E2.BSCAN_I/Use_E2.BSCANE2_I/INTERNAL_TCK
    CONFIG_SITE_X0Y1     BSCANE2 (Prop_BSCAN2_CONFIG_SITE_INTERNAL_TCK_DRCK)
                                                      0.465    33.798 r  top_i/mdm_1/U0/Use_E2.BSCAN_I/Use_E2.BSCANE2_I/DRCK
                         net (fo=1, routed)           3.183    36.981    top_i/mdm_1/U0/No_Dbg_Reg_Access.BUFG_DRCK/DRCK
    BUFGCE_X0Y144        BUFGCE (Prop_BUFCE_BUFGCE_I_O)
                                                      0.024    37.005 r  top_i/mdm_1/U0/No_Dbg_Reg_Access.BUFG_DRCK/Using_FPGA.Native/O
    X3Y6 (CLOCK_ROOT)    net (fo=248, routed)         1.658    38.663    top_i/microblaze_0/U0/MicroBlaze_Core_I/Performance.Core/Use_Debug_Logic.Master_Core.Debug_Perf/Dbg_Clk
    SLICE_X165Y439       FDRE                                         r  top_i/microblaze_0/U0/MicroBlaze_Core_I/Performance.Core/Use_Debug_Logic.Master_Core.Debug_Perf/Serial_Dbg_Intf.shift_count_reg[1]/C
                         clock pessimism              6.884    45.547    
                         clock uncertainty           -0.235    45.312    
    SLICE_X165Y439       FDRE (Setup_GFF_SLICEL_C_D)
                                                      0.025    45.337    top_i/microblaze_0/U0/MicroBlaze_Core_I/Performance.Core/Use_Debug_Logic.Master_Core.Debug_Perf/Serial_Dbg_Intf.shift_count_reg[1]
  -------------------------------------------------------------------
                         required time                         45.337    
                         arrival time                         -30.221    
  -------------------------------------------------------------------
                         slack                                 15.116    





Min Delay Paths
--------------------------------------------------------------------------------------
Slack (MET) :             0.031ns  (arrival time - required time)
  Source:                 top_i/mdm_1/U0/MDM_Core_I1/Use_BSCAN.Config_Reg_reg[27]_MDM_Core_I1_Use_BSCAN.Config_Reg_reg_c_1/C
                            (rising edge-triggered cell FDRE clocked by top_i/mdm_1/U0/Use_E2.BSCAN_I/Use_E2.BSCANE2_I/DRCK  {rise@0.000ns fall@16.667ns period=33.333ns})
  Destination:            top_i/mdm_1/U0/MDM_Core_I1/Use_BSCAN.Config_Reg_reg[26]/D
                            (rising edge-triggered cell FDCE clocked by top_i/mdm_1/U0/Use_E2.BSCAN_I/Use_E2.BSCANE2_I/DRCK  {rise@0.000ns fall@16.667ns period=33.333ns})
  Path Group:             top_i/mdm_1/U0/Use_E2.BSCAN_I/Use_E2.BSCANE2_I/DRCK
  Path Type:              Hold (Min at Slow Process Corner)
  Requirement:            0.000ns  (top_i/mdm_1/U0/Use_E2.BSCAN_I/Use_E2.BSCANE2_I/DRCK rise@0.000ns - top_i/mdm_1/U0/Use_E2.BSCAN_I/Use_E2.BSCANE2_I/DRCK rise@0.000ns)
  Data Path Delay:        0.162ns  (logic 0.080ns (49.383%)  route 0.082ns (50.617%))
  Logic Levels:           1  (LUT2=1)
  Clock Path Skew:        0.071ns (DCD - SCD - CPR)
    Destination Clock Delay (DCD):    12.286ns
    Source Clock Delay      (SCD):    5.295ns
    Clock Pessimism Removal (CPR):    6.920ns
  Clock Net Delay (Source):      1.623ns (routing 0.908ns, distribution 0.715ns)
  Clock Net Delay (Destination): 1.818ns (routing 0.996ns, distribution 0.822ns)

    Location             Delay type                Incr(ns)  Path(ns)    Netlist Resource(s)
  -------------------------------------------------------------------    -------------------
                         (clock top_i/mdm_1/U0/Use_E2.BSCAN_I/Use_E2.BSCANE2_I/DRCK rise edge)
                                                      0.000     0.000 r  
    CONFIG_SITE_X0Y1     BSCANE2                      0.000     0.000 r  top_i/mdm_1/U0/Use_E2.BSCAN_I/Use_E2.BSCANE2_I/INTERNAL_TCK
    CONFIG_SITE_X0Y1     BSCANE2 (Prop_BSCAN2_CONFIG_SITE_INTERNAL_TCK_DRCK)
                                                      0.465     0.465 r  top_i/mdm_1/U0/Use_E2.BSCAN_I/Use_E2.BSCANE2_I/DRCK
                         net (fo=1, routed)           3.183     3.648    top_i/mdm_1/U0/No_Dbg_Reg_Access.BUFG_DRCK/DRCK
    BUFGCE_X0Y144        BUFGCE (Prop_BUFCE_BUFGCE_I_O)
                                                      0.024     3.672 r  top_i/mdm_1/U0/No_Dbg_Reg_Access.BUFG_DRCK/Using_FPGA.Native/O
    X3Y6 (CLOCK_ROOT)    net (fo=248, routed)         1.623     5.295    top_i/mdm_1/U0/MDM_Core_I1/Use_unisim.MB_SRL16E_I1
    SLICE_X174Y394       FDRE                                         r  top_i/mdm_1/U0/MDM_Core_I1/Use_BSCAN.Config_Reg_reg[27]_MDM_Core_I1_Use_BSCAN.Config_Reg_reg_c_1/C
  -------------------------------------------------------------------    -------------------
    SLICE_X174Y394       FDRE (Prop_BFF_SLICEM_C_Q)
                                                      0.058     5.353 r  top_i/mdm_1/U0/MDM_Core_I1/Use_BSCAN.Config_Reg_reg[27]_MDM_Core_I1_Use_BSCAN.Config_Reg_reg_c_1/Q
                         net (fo=1, routed)           0.060     5.413    top_i/mdm_1/U0/MDM_Core_I1/Use_BSCAN.Config_Reg_reg[27]_MDM_Core_I1_Use_BSCAN.Config_Reg_reg_c_1_n_0
    SLICE_X173Y394       LUT2 (Prop_D6LUT_SLICEL_I0_O)
                                                      0.022     5.435 r  top_i/mdm_1/U0/MDM_Core_I1/Use_BSCAN.Config_Reg_reg_gate/O
                         net (fo=1, routed)           0.022     5.457    top_i/mdm_1/U0/MDM_Core_I1/Use_BSCAN.Config_Reg_reg_gate_n_0
    SLICE_X173Y394       FDCE                                         r  top_i/mdm_1/U0/MDM_Core_I1/Use_BSCAN.Config_Reg_reg[26]/D
  -------------------------------------------------------------------    -------------------

                         (clock top_i/mdm_1/U0/Use_E2.BSCAN_I/Use_E2.BSCANE2_I/DRCK rise edge)
                                                      0.000     0.000 r  
    CONFIG_SITE_X0Y1     BSCANE2                      0.000     0.000 r  top_i/mdm_1/U0/Use_E2.BSCAN_I/Use_E2.BSCANE2_I/INTERNAL_TCK
    CONFIG_SITE_X0Y1     BSCANE2 (Prop_BSCAN2_CONFIG_SITE_INTERNAL_TCK_DRCK)
                                                      5.900     5.900 r  top_i/mdm_1/U0/Use_E2.BSCAN_I/Use_E2.BSCANE2_I/DRCK
                         net (fo=1, routed)           4.540    10.440    top_i/mdm_1/U0/No_Dbg_Reg_Access.BUFG_DRCK/DRCK
    BUFGCE_X0Y144        BUFGCE (Prop_BUFCE_BUFGCE_I_O)
                                                      0.028    10.468 r  top_i/mdm_1/U0/No_Dbg_Reg_Access.BUFG_DRCK/Using_FPGA.Native/O
    X3Y6 (CLOCK_ROOT)    net (fo=248, routed)         1.818    12.286    top_i/mdm_1/U0/MDM_Core_I1/Use_unisim.MB_SRL16E_I1
    SLICE_X173Y394       FDCE                                         r  top_i/mdm_1/U0/MDM_Core_I1/Use_BSCAN.Config_Reg_reg[26]/C
                         clock pessimism             -6.920     5.366    
    SLICE_X173Y394       FDCE (Hold_DFF_SLICEL_C_D)
                                                      0.060     5.426    top_i/mdm_1/U0/MDM_Core_I1/Use_BSCAN.Config_Reg_reg[26]
  -------------------------------------------------------------------
                         required time                         -5.426    
                         arrival time                           5.457    
  -------------------------------------------------------------------
                         slack                                  0.031    





Pulse Width Checks
--------------------------------------------------------------------------------------
Clock Name:         top_i/mdm_1/U0/Use_E2.BSCAN_I/Use_E2.BSCANE2_I/DRCK
Waveform(ns):       { 0.000 16.667 }
Period(ns):         33.333
Sources:            { top_i/mdm_1/U0/Use_E2.BSCAN_I/Use_E2.BSCANE2_I/DRCK }

Check Type        Corner  Lib Pin     Reference Pin  Required(ns)  Actual(ns)  Slack(ns)  Location        Pin
Min Period        n/a     BUFGCE/I    n/a            1.290         33.333      32.043     BUFGCE_X0Y144   top_i/mdm_1/U0/No_Dbg_Reg_Access.BUFG_DRCK/Using_FPGA.Native/I
Low Pulse Width   Slow    SRL16E/CLK  n/a            0.532         16.666      16.134     SLICE_X174Y394  top_i/mdm_1/U0/MDM_Core_I1/Use_BSCAN.Config_Reg_reg[12]_srl13_MDM_Core_I1_Use_BSCAN.Config_Reg_reg_c_11/CLK
High Pulse Width  Slow    SRL16E/CLK  n/a            0.532         16.667      16.135     SLICE_X174Y394  top_i/mdm_1/U0/MDM_Core_I1/Use_BSCAN.Config_Reg_reg[12]_srl13_MDM_Core_I1_Use_BSCAN.Config_Reg_reg_c_11/CLK



---------------------------------------------------------------------------------------------------
From Clock:  top_i/mdm_1/U0/Use_E2.BSCAN_I/Use_E2.BSCANE2_I/UPDATE
  To Clock:  top_i/mdm_1/U0/Use_E2.BSCAN_I/Use_E2.BSCANE2_I/UPDATE

Setup :            0  Failing Endpoints,  Worst Slack       30.999ns,  Total Violation        0.000ns
Hold  :            0  Failing Endpoints,  Worst Slack        0.084ns,  Total Violation        0.000ns
PW    :            0  Failing Endpoints,  Worst Slack       33.058ns,  Total Violation        0.000ns
---------------------------------------------------------------------------------------------------


Max Delay Paths
--------------------------------------------------------------------------------------
Slack (MET) :             30.999ns  (required time - arrival time)
  Source:                 top_i/mdm_1/U0/MDM_Core_I1/JTAG_CONTROL_I/Use_BSCAN.FDC_I/Using_FPGA.Native/C
                            (falling edge-triggered cell FDCE clocked by top_i/mdm_1/U0/Use_E2.BSCAN_I/Use_E2.BSCANE2_I/UPDATE  {rise@0.000ns fall@33.333ns period=66.666ns})
  Destination:            top_i/microblaze_0/U0/MicroBlaze_Core_I/Performance.Core/Use_Debug_Logic.Master_Core.Debug_Perf/Serial_Dbg_Intf.control_reg_reg[5]/CE
                            (rising edge-triggered cell FDRE clocked by top_i/mdm_1/U0/Use_E2.BSCAN_I/Use_E2.BSCANE2_I/UPDATE  {rise@0.000ns fall@33.333ns period=66.666ns})
  Path Group:             top_i/mdm_1/U0/Use_E2.BSCAN_I/Use_E2.BSCANE2_I/UPDATE
  Path Type:              Setup (Max at Slow Process Corner)
  Requirement:            33.333ns  (top_i/mdm_1/U0/Use_E2.BSCAN_I/Use_E2.BSCANE2_I/UPDATE rise@66.666ns - top_i/mdm_1/U0/Use_E2.BSCAN_I/Use_E2.BSCANE2_I/UPDATE fall@33.333ns)
  Data Path Delay:        1.947ns  (logic 0.374ns (19.209%)  route 1.573ns (80.791%))
  Logic Levels:           3  (LUT3=1 LUT4=1 LUT5=1)
  Clock Path Skew:        -0.092ns (DCD - SCD + CPR)
    Destination Clock Delay (DCD):    3.760ns = ( 70.426 - 66.666 ) 
    Source Clock Delay      (SCD):    9.159ns = ( 42.492 - 33.333 ) 
    Clock Pessimism Removal (CPR):    5.307ns
  Clock Uncertainty:      0.235ns  ((TSJ^2 + TIJ^2)^1/2 + DJ) / 2 + PE + DCD
    Total System Jitter     (TSJ):    0.071ns
    Total Input Jitter      (TIJ):    0.000ns
    Discrete Jitter          (DJ):    0.000ns
    Phase Error              (PE):    0.000ns
    Duty Cycle Distortion   (DCD):    0.200ns
  Clock Net Delay (Source):      2.225ns (routing 1.349ns, distribution 0.876ns)
  Clock Net Delay (Destination): 2.012ns (routing 1.228ns, distribution 0.784ns)

    Location             Delay type                Incr(ns)  Path(ns)    Netlist Resource(s)
  -------------------------------------------------------------------    -------------------
                         (clock top_i/mdm_1/U0/Use_E2.BSCAN_I/Use_E2.BSCANE2_I/UPDATE fall edge)
                                                     33.333    33.333 f  
    CONFIG_SITE_X0Y1     BSCANE2                      0.000    33.333 f  top_i/mdm_1/U0/Use_E2.BSCAN_I/Use_E2.BSCANE2_I/INTERNAL_TCK
    CONFIG_SITE_X0Y1     BSCANE2 (Prop_BSCAN2_CONFIG_SITE_INTERNAL_TCK_UPDATE)
                                                      5.100    38.433 f  top_i/mdm_1/U0/Use_E2.BSCAN_I/Use_E2.BSCANE2_I/UPDATE
                         net (fo=1, routed)           1.806    40.239    top_i/mdm_1/U0/Use_E2.BSCAN_I/Dbg_Update_0
    BUFGCE_X1Y143        BUFGCE (Prop_BUFCE_BUFGCE_I_O)
                                                      0.028    40.267 f  top_i/mdm_1/U0/Use_E2.BSCAN_I/Dbg_Update_0_BUFG_inst/O
    X3Y6 (CLOCK_ROOT)    net (fo=41, routed)          2.225    42.492    top_i/mdm_1/U0/MDM_Core_I1/JTAG_CONTROL_I/Use_BSCAN.FDC_I/CLK
    SLICE_X171Y406       FDCE                                         r  top_i/mdm_1/U0/MDM_Core_I1/JTAG_CONTROL_I/Use_BSCAN.FDC_I/Using_FPGA.Native/C  (IS_INVERTED)
  -------------------------------------------------------------------    -------------------
    SLICE_X171Y406       FDCE (Prop_EFF_SLICEL_C_Q)
                                                      0.079    42.571 f  top_i/mdm_1/U0/MDM_Core_I1/JTAG_CONTROL_I/Use_BSCAN.FDC_I/Using_FPGA.Native/Q
                         net (fo=19, routed)          0.258    42.829    top_i/mdm_1/U0/MDM_Core_I1/JTAG_CONTROL_I/Use_BSCAN.FDC_I/Q_0
    SLICE_X170Y408       LUT3 (Prop_D5LUT_SLICEL_I1_O)
                                                      0.066    42.895 f  top_i/mdm_1/U0/MDM_Core_I1/JTAG_CONTROL_I/Use_BSCAN.FDC_I/Dbg_Reg_En_0[1]_INST_0/O
                         net (fo=2, routed)           0.199    43.094    top_i/microblaze_0/U0/MicroBlaze_Core_I/Performance.Core/Use_Debug_Logic.Master_Core.Debug_Perf/Dbg_Reg_En[1]
    SLICE_X170Y408       LUT4 (Prop_C6LUT_SLICEL_I1_O)
                                                      0.088    43.182 f  top_i/microblaze_0/U0/MicroBlaze_Core_I/Performance.Core/Use_Debug_Logic.Master_Core.Debug_Perf/Dbg_TDO_INST_0_i_18/O
                         net (fo=7, routed)           0.509    43.691    top_i/microblaze_0/U0/MicroBlaze_Core_I/Performance.Core/Use_Debug_Logic.Master_Core.Debug_Perf/Dbg_Reg_En_2_sn_1
    SLICE_X169Y429       LUT5 (Prop_B5LUT_SLICEL_I4_O)
                                                      0.141    43.832 r  top_i/microblaze_0/U0/MicroBlaze_Core_I/Performance.Core/Use_Debug_Logic.Master_Core.Debug_Perf/Serial_Dbg_Intf.normal_stop_TClk_i_1/O
                         net (fo=8, routed)           0.607    44.439    top_i/microblaze_0/U0/MicroBlaze_Core_I/Performance.Core/Use_Debug_Logic.Master_Core.Debug_Perf/Control_Reg_En
    SLICE_X170Y424       FDRE                                         r  top_i/microblaze_0/U0/MicroBlaze_Core_I/Performance.Core/Use_Debug_Logic.Master_Core.Debug_Perf/Serial_Dbg_Intf.control_reg_reg[5]/CE
  -------------------------------------------------------------------    -------------------

                         (clock top_i/mdm_1/U0/Use_E2.BSCAN_I/Use_E2.BSCANE2_I/UPDATE rise edge)
                                                     66.666    66.666 f  
    CONFIG_SITE_X0Y1     BSCANE2                      0.000    66.666 f  top_i/mdm_1/U0/Use_E2.BSCAN_I/Use_E2.BSCANE2_I/INTERNAL_TCK
    CONFIG_SITE_X0Y1     BSCANE2 (Prop_BSCAN2_CONFIG_SITE_INTERNAL_TCK_UPDATE)
                                                      0.465    67.131 r  top_i/mdm_1/U0/Use_E2.BSCAN_I/Use_E2.BSCANE2_I/UPDATE
                         net (fo=1, routed)           1.259    68.390    top_i/mdm_1/U0/Use_E2.BSCAN_I/Dbg_Update_0
    BUFGCE_X1Y143        BUFGCE (Prop_BUFCE_BUFGCE_I_O)
                                                      0.024    68.414 r  top_i/mdm_1/U0/Use_E2.BSCAN_I/Dbg_Update_0_BUFG_inst/O
    X3Y6 (CLOCK_ROOT)    net (fo=41, routed)          2.012    70.426    top_i/microblaze_0/U0/MicroBlaze_Core_I/Performance.Core/Use_Debug_Logic.Master_Core.Debug_Perf/Dbg_Update
    SLICE_X170Y424       FDRE                                         r  top_i/microblaze_0/U0/MicroBlaze_Core_I/Performance.Core/Use_Debug_Logic.Master_Core.Debug_Perf/Serial_Dbg_Intf.control_reg_reg[5]/C
                         clock pessimism              5.307    75.733    
                         clock uncertainty           -0.235    75.498    
    SLICE_X170Y424       FDRE (Setup_EFF2_SLICEL_C_CE)
                                                     -0.060    75.438    top_i/microblaze_0/U0/MicroBlaze_Core_I/Performance.Core/Use_Debug_Logic.Master_Core.Debug_Perf/Serial_Dbg_Intf.control_reg_reg[5]
  -------------------------------------------------------------------
                         required time                         75.438    
                         arrival time                         -44.439    
  -------------------------------------------------------------------
                         slack                                 30.999    





Min Delay Paths
--------------------------------------------------------------------------------------
Slack (MET) :             0.084ns  (arrival time - required time)
  Source:                 top_i/mdm_1/U0/MDM_Core_I1/JTAG_CONTROL_I/completion_ctrl_reg[0]/C
                            (rising edge-triggered cell FDRE clocked by top_i/mdm_1/U0/Use_E2.BSCAN_I/Use_E2.BSCANE2_I/UPDATE  {rise@0.000ns fall@33.333ns period=66.666ns})
  Destination:            top_i/mdm_1/U0/MDM_Core_I1/JTAG_CONTROL_I/completion_ctrl_reg[0]/D
                            (rising edge-triggered cell FDRE clocked by top_i/mdm_1/U0/Use_E2.BSCAN_I/Use_E2.BSCANE2_I/UPDATE  {rise@0.000ns fall@33.333ns period=66.666ns})
  Path Group:             top_i/mdm_1/U0/Use_E2.BSCAN_I/Use_E2.BSCANE2_I/UPDATE
  Path Type:              Hold (Min at Fast Process Corner)
  Requirement:            0.000ns  (top_i/mdm_1/U0/Use_E2.BSCAN_I/Use_E2.BSCANE2_I/UPDATE rise@0.000ns - top_i/mdm_1/U0/Use_E2.BSCAN_I/Use_E2.BSCANE2_I/UPDATE rise@0.000ns)
  Data Path Delay:        0.137ns  (logic 0.080ns (58.394%)  route 0.057ns (41.606%))
  Logic Levels:           1  (LUT3=1)
  Clock Path Skew:        0.006ns (DCD - SCD - CPR)
    Destination Clock Delay (DCD):    7.717ns
    Source Clock Delay      (SCD):    2.640ns
    Clock Pessimism Removal (CPR):    5.071ns
  Clock Net Delay (Source):      1.202ns (routing 0.732ns, distribution 0.470ns)
  Clock Net Delay (Destination): 1.352ns (routing 0.811ns, distribution 0.541ns)

    Location             Delay type                Incr(ns)  Path(ns)    Netlist Resource(s)
  -------------------------------------------------------------------    -------------------
                         (clock top_i/mdm_1/U0/Use_E2.BSCAN_I/Use_E2.BSCANE2_I/UPDATE rise edge)
                                                      0.000     0.000 r  
    CONFIG_SITE_X0Y1     BSCANE2                      0.000     0.000 f  top_i/mdm_1/U0/Use_E2.BSCAN_I/Use_E2.BSCANE2_I/INTERNAL_TCK
    CONFIG_SITE_X0Y1     BSCANE2 (Prop_BSCAN2_CONFIG_SITE_INTERNAL_TCK_UPDATE)
                                                      0.465     0.465 r  top_i/mdm_1/U0/Use_E2.BSCAN_I/Use_E2.BSCANE2_I/UPDATE
                         net (fo=1, routed)           0.956     1.421    top_i/mdm_1/U0/Use_E2.BSCAN_I/Dbg_Update_0
    BUFGCE_X1Y143        BUFGCE (Prop_BUFCE_BUFGCE_I_O)
                                                      0.017     1.438 r  top_i/mdm_1/U0/Use_E2.BSCAN_I/Dbg_Update_0_BUFG_inst/O
    X3Y6 (CLOCK_ROOT)    net (fo=41, routed)          1.202     2.640    top_i/mdm_1/U0/MDM_Core_I1/JTAG_CONTROL_I/CLK
    SLICE_X172Y405       FDRE                                         r  top_i/mdm_1/U0/MDM_Core_I1/JTAG_CONTROL_I/completion_ctrl_reg[0]/C
  -------------------------------------------------------------------    -------------------
    SLICE_X172Y405       FDRE (Prop_DFF2_SLICEL_C_Q)
                                                      0.041     2.681 r  top_i/mdm_1/U0/MDM_Core_I1/JTAG_CONTROL_I/completion_ctrl_reg[0]/Q
                         net (fo=2, routed)           0.051     2.732    top_i/mdm_1/U0/MDM_Core_I1/JTAG_CONTROL_I/Use_BSCAN.FDC_I/completion_ctrl
    SLICE_X172Y405       LUT3 (Prop_D5LUT_SLICEL_I2_O)
                                                      0.039     2.771 r  top_i/mdm_1/U0/MDM_Core_I1/JTAG_CONTROL_I/Use_BSCAN.FDC_I/completion_ctrl[0]_i_1/O
                         net (fo=1, routed)           0.006     2.777    top_i/mdm_1/U0/MDM_Core_I1/JTAG_CONTROL_I/Use_BSCAN.FDC_I_n_38
    SLICE_X172Y405       FDRE                                         r  top_i/mdm_1/U0/MDM_Core_I1/JTAG_CONTROL_I/completion_ctrl_reg[0]/D
  -------------------------------------------------------------------    -------------------

                         (clock top_i/mdm_1/U0/Use_E2.BSCAN_I/Use_E2.BSCANE2_I/UPDATE rise edge)
                                                      0.000     0.000 f  
    CONFIG_SITE_X0Y1     BSCANE2                      0.000     0.000 f  top_i/mdm_1/U0/Use_E2.BSCAN_I/Use_E2.BSCANE2_I/INTERNAL_TCK
    CONFIG_SITE_X0Y1     BSCANE2 (Prop_BSCAN2_CONFIG_SITE_INTERNAL_TCK_UPDATE)
                                                      5.100     5.100 r  top_i/mdm_1/U0/Use_E2.BSCAN_I/Use_E2.BSCANE2_I/UPDATE
                         net (fo=1, routed)           1.246     6.346    top_i/mdm_1/U0/Use_E2.BSCAN_I/Dbg_Update_0
    BUFGCE_X1Y143        BUFGCE (Prop_BUFCE_BUFGCE_I_O)
                                                      0.019     6.365 r  top_i/mdm_1/U0/Use_E2.BSCAN_I/Dbg_Update_0_BUFG_inst/O
    X3Y6 (CLOCK_ROOT)    net (fo=41, routed)          1.352     7.717    top_i/mdm_1/U0/MDM_Core_I1/JTAG_CONTROL_I/CLK
    SLICE_X172Y405       FDRE                                         r  top_i/mdm_1/U0/MDM_Core_I1/JTAG_CONTROL_I/completion_ctrl_reg[0]/C
                         clock pessimism             -5.071     2.646    
    SLICE_X172Y405       FDRE (Hold_DFF2_SLICEL_C_D)
                                                      0.047     2.693    top_i/mdm_1/U0/MDM_Core_I1/JTAG_CONTROL_I/completion_ctrl_reg[0]
  -------------------------------------------------------------------
                         required time                         -2.693    
                         arrival time                           2.777    
  -------------------------------------------------------------------
                         slack                                  0.084    





Pulse Width Checks
--------------------------------------------------------------------------------------
Clock Name:         top_i/mdm_1/U0/Use_E2.BSCAN_I/Use_E2.BSCANE2_I/UPDATE
Waveform(ns):       { 0.000 33.333 }
Period(ns):         66.666
Sources:            { top_i/mdm_1/U0/Use_E2.BSCAN_I/Use_E2.BSCANE2_I/UPDATE }

Check Type        Corner  Lib Pin   Reference Pin  Required(ns)  Actual(ns)  Slack(ns)  Location        Pin
Min Period        n/a     BUFGCE/I  n/a            1.290         66.666      65.376     BUFGCE_X1Y143   top_i/mdm_1/U0/Use_E2.BSCAN_I/Dbg_Update_0_BUFG_inst/I
Low Pulse Width   Slow    FDCE/C    n/a            0.275         33.333      33.058     SLICE_X172Y403  top_i/mdm_1/U0/MDM_Core_I1/Use_BSCAN.PORT_Selector_1_reg[0]/C
High Pulse Width  Slow    FDCE/C    n/a            0.275         33.333      33.058     SLICE_X172Y403  top_i/mdm_1/U0/MDM_Core_I1/Use_BSCAN.PORT_Selector_1_reg[0]/C



---------------------------------------------------------------------------------------------------
Path Group:  **async_default**
From Clock:  top_i/mdm_1/U0/Use_E2.BSCAN_I/Use_E2.BSCANE2_I/UPDATE
  To Clock:  top_i/mdm_1/U0/Use_E2.BSCAN_I/Use_E2.BSCANE2_I/UPDATE

Setup :            0  Failing Endpoints,  Worst Slack       32.490ns,  Total Violation        0.000ns
Hold  :            0  Failing Endpoints,  Worst Slack       33.327ns,  Total Violation        0.000ns
---------------------------------------------------------------------------------------------------


Max Delay Paths
--------------------------------------------------------------------------------------
Slack (MET) :             32.490ns  (required time - arrival time)
  Source:                 top_i/mdm_1/U0/MDM_Core_I1/JTAG_CONTROL_I/Use_BSCAN.FDC_I/Using_FPGA.Native/C
                            (falling edge-triggered cell FDCE clocked by top_i/mdm_1/U0/Use_E2.BSCAN_I/Use_E2.BSCANE2_I/UPDATE  {rise@0.000ns fall@33.333ns period=66.666ns})
  Destination:            top_i/mdm_1/U0/MDM_Core_I1/JTAG_CONTROL_I/Use_UART.execute_reg/CLR
                            (recovery check against rising-edge clock top_i/mdm_1/U0/Use_E2.BSCAN_I/Use_E2.BSCANE2_I/UPDATE  {rise@0.000ns fall@33.333ns period=66.666ns})
  Path Group:             **async_default**
  Path Type:              Recovery (Max at Slow Process Corner)
  Requirement:            33.333ns  (top_i/mdm_1/U0/Use_E2.BSCAN_I/Use_E2.BSCANE2_I/UPDATE rise@66.666ns - top_i/mdm_1/U0/Use_E2.BSCAN_I/Use_E2.BSCANE2_I/UPDATE fall@33.333ns)
  Data Path Delay:        0.487ns  (logic 0.189ns (38.809%)  route 0.298ns (61.191%))
  Logic Levels:           1  (LUT2=1)
  Clock Path Skew:        -0.054ns (DCD - SCD + CPR)
    Destination Clock Delay (DCD):    3.707ns = ( 70.373 - 66.666 ) 
    Source Clock Delay      (SCD):    9.159ns = ( 42.492 - 33.333 ) 
    Clock Pessimism Removal (CPR):    5.398ns
  Clock Uncertainty:      0.235ns  ((TSJ^2 + TIJ^2)^1/2 + DJ) / 2 + PE + DCD
    Total System Jitter     (TSJ):    0.071ns
    Total Input Jitter      (TIJ):    0.000ns
    Discrete Jitter          (DJ):    0.000ns
    Phase Error              (PE):    0.000ns
    Duty Cycle Distortion   (DCD):    0.200ns
  Clock Net Delay (Source):      2.225ns (routing 1.349ns, distribution 0.876ns)
  Clock Net Delay (Destination): 1.959ns (routing 1.228ns, distribution 0.731ns)

    Location             Delay type                Incr(ns)  Path(ns)    Netlist Resource(s)
  -------------------------------------------------------------------    -------------------
                         (clock top_i/mdm_1/U0/Use_E2.BSCAN_I/Use_E2.BSCANE2_I/UPDATE fall edge)
                                                     33.333    33.333 f  
    CONFIG_SITE_X0Y1     BSCANE2                      0.000    33.333 f  top_i/mdm_1/U0/Use_E2.BSCAN_I/Use_E2.BSCANE2_I/INTERNAL_TCK
    CONFIG_SITE_X0Y1     BSCANE2 (Prop_BSCAN2_CONFIG_SITE_INTERNAL_TCK_UPDATE)
                                                      5.100    38.433 f  top_i/mdm_1/U0/Use_E2.BSCAN_I/Use_E2.BSCANE2_I/UPDATE
                         net (fo=1, routed)           1.806    40.239    top_i/mdm_1/U0/Use_E2.BSCAN_I/Dbg_Update_0
    BUFGCE_X1Y143        BUFGCE (Prop_BUFCE_BUFGCE_I_O)
                                                      0.028    40.267 f  top_i/mdm_1/U0/Use_E2.BSCAN_I/Dbg_Update_0_BUFG_inst/O
    X3Y6 (CLOCK_ROOT)    net (fo=41, routed)          2.225    42.492    top_i/mdm_1/U0/MDM_Core_I1/JTAG_CONTROL_I/Use_BSCAN.FDC_I/CLK
    SLICE_X171Y406       FDCE                                         r  top_i/mdm_1/U0/MDM_Core_I1/JTAG_CONTROL_I/Use_BSCAN.FDC_I/Using_FPGA.Native/C  (IS_INVERTED)
  -------------------------------------------------------------------    -------------------
    SLICE_X171Y406       FDCE (Prop_EFF_SLICEL_C_Q)
                                                      0.079    42.571 r  top_i/mdm_1/U0/MDM_Core_I1/JTAG_CONTROL_I/Use_BSCAN.FDC_I/Using_FPGA.Native/Q
                         net (fo=19, routed)          0.114    42.685    top_i/mdm_1/U0/MDM_Core_I1/JTAG_CONTROL_I/Use_BSCAN.FDC_I/Q_0
    SLICE_X170Y407       LUT2 (Prop_D5LUT_SLICEL_I1_O)
                                                      0.110    42.795 f  top_i/mdm_1/U0/MDM_Core_I1/JTAG_CONTROL_I/Use_BSCAN.FDC_I/Use_UART.execute_i_2/O
                         net (fo=1, routed)           0.184    42.979    top_i/mdm_1/U0/MDM_Core_I1/JTAG_CONTROL_I/command_11
    SLICE_X170Y407       FDCE                                         f  top_i/mdm_1/U0/MDM_Core_I1/JTAG_CONTROL_I/Use_UART.execute_reg/CLR
  -------------------------------------------------------------------    -------------------

                         (clock top_i/mdm_1/U0/Use_E2.BSCAN_I/Use_E2.BSCANE2_I/UPDATE rise edge)
                                                     66.666    66.666 f  
    CONFIG_SITE_X0Y1     BSCANE2                      0.000    66.666 f  top_i/mdm_1/U0/Use_E2.BSCAN_I/Use_E2.BSCANE2_I/INTERNAL_TCK
    CONFIG_SITE_X0Y1     BSCANE2 (Prop_BSCAN2_CONFIG_SITE_INTERNAL_TCK_UPDATE)
                                                      0.465    67.131 r  top_i/mdm_1/U0/Use_E2.BSCAN_I/Use_E2.BSCANE2_I/UPDATE
                         net (fo=1, routed)           1.259    68.390    top_i/mdm_1/U0/Use_E2.BSCAN_I/Dbg_Update_0
    BUFGCE_X1Y143        BUFGCE (Prop_BUFCE_BUFGCE_I_O)
                                                      0.024    68.414 r  top_i/mdm_1/U0/Use_E2.BSCAN_I/Dbg_Update_0_BUFG_inst/O
    X3Y6 (CLOCK_ROOT)    net (fo=41, routed)          1.959    70.373    top_i/mdm_1/U0/MDM_Core_I1/JTAG_CONTROL_I/CLK
    SLICE_X170Y407       FDCE                                         r  top_i/mdm_1/U0/MDM_Core_I1/JTAG_CONTROL_I/Use_UART.execute_reg/C
                         clock pessimism              5.398    75.771    
                         clock uncertainty           -0.235    75.535    
    SLICE_X170Y407       FDCE (Recov_BFF_SLICEL_C_CLR)
                                                     -0.066    75.469    top_i/mdm_1/U0/MDM_Core_I1/JTAG_CONTROL_I/Use_UART.execute_reg
  -------------------------------------------------------------------
                         required time                         75.469    
                         arrival time                         -42.979    
  -------------------------------------------------------------------
                         slack                                 32.490    





Min Delay Paths
--------------------------------------------------------------------------------------
Slack (MET) :             33.327ns  (arrival time - required time)
  Source:                 top_i/mdm_1/U0/MDM_Core_I1/JTAG_CONTROL_I/Use_BSCAN.FDC_I/Using_FPGA.Native/C
                            (falling edge-triggered cell FDCE clocked by top_i/mdm_1/U0/Use_E2.BSCAN_I/Use_E2.BSCANE2_I/UPDATE  {rise@0.000ns fall@33.333ns period=66.666ns})
  Destination:            top_i/mdm_1/U0/MDM_Core_I1/JTAG_CONTROL_I/Use_UART.execute_reg/CLR
                            (removal check against rising-edge clock top_i/mdm_1/U0/Use_E2.BSCAN_I/Use_E2.BSCANE2_I/UPDATE  {rise@0.000ns fall@33.333ns period=66.666ns})
  Path Group:             **async_default**
  Path Type:              Removal (Min at Fast Process Corner)
  Requirement:            -33.333ns  (top_i/mdm_1/U0/Use_E2.BSCAN_I/Use_E2.BSCANE2_I/UPDATE rise@0.000ns - top_i/mdm_1/U0/Use_E2.BSCAN_I/Use_E2.BSCANE2_I/UPDATE fall@33.333ns)
  Data Path Delay:        0.217ns  (logic 0.078ns (35.944%)  route 0.139ns (64.054%))
  Logic Levels:           1  (LUT2=1)
  Clock Path Skew:        0.007ns (DCD - SCD - CPR)
    Destination Clock Delay (DCD):    7.719ns
    Source Clock Delay      (SCD):    2.652ns = ( 35.985 - 33.333 ) 
    Clock Pessimism Removal (CPR):    5.060ns
  Clock Uncertainty:      0.235ns  ((TSJ^2 + TIJ^2)^1/2 + DJ) / 2 + PE + DCD
    Total System Jitter     (TSJ):    0.071ns
    Total Input Jitter      (TIJ):    0.000ns
    Discrete Jitter          (DJ):    0.000ns
    Phase Error              (PE):    0.000ns
    Duty Cycle Distortion   (DCD):    0.200ns
  Clock Net Delay (Source):      1.214ns (routing 0.732ns, distribution 0.482ns)
  Clock Net Delay (Destination): 1.354ns (routing 0.811ns, distribution 0.543ns)

    Location             Delay type                Incr(ns)  Path(ns)    Netlist Resource(s)
  -------------------------------------------------------------------    -------------------
                         (clock top_i/mdm_1/U0/Use_E2.BSCAN_I/Use_E2.BSCANE2_I/UPDATE fall edge)
                                                     33.333    33.333 f  
    CONFIG_SITE_X0Y1     BSCANE2                      0.000    33.333 f  top_i/mdm_1/U0/Use_E2.BSCAN_I/Use_E2.BSCANE2_I/INTERNAL_TCK
    CONFIG_SITE_X0Y1     BSCANE2 (Prop_BSCAN2_CONFIG_SITE_INTERNAL_TCK_UPDATE)
                                                      0.465    33.798 f  top_i/mdm_1/U0/Use_E2.BSCAN_I/Use_E2.BSCANE2_I/UPDATE
                         net (fo=1, routed)           0.956    34.754    top_i/mdm_1/U0/Use_E2.BSCAN_I/Dbg_Update_0
    BUFGCE_X1Y143        BUFGCE (Prop_BUFCE_BUFGCE_I_O)
                                                      0.017    34.771 f  top_i/mdm_1/U0/Use_E2.BSCAN_I/Dbg_Update_0_BUFG_inst/O
    X3Y6 (CLOCK_ROOT)    net (fo=41, routed)          1.214    35.985    top_i/mdm_1/U0/MDM_Core_I1/JTAG_CONTROL_I/Use_BSCAN.FDC_I/CLK
    SLICE_X171Y406       FDCE                                         r  top_i/mdm_1/U0/MDM_Core_I1/JTAG_CONTROL_I/Use_BSCAN.FDC_I/Using_FPGA.Native/C  (IS_INVERTED)
  -------------------------------------------------------------------    -------------------
    SLICE_X171Y406       FDCE (Prop_EFF_SLICEL_C_Q)
                                                      0.039    36.024 r  top_i/mdm_1/U0/MDM_Core_I1/JTAG_CONTROL_I/Use_BSCAN.FDC_I/Using_FPGA.Native/Q
                         net (fo=19, routed)          0.059    36.083    top_i/mdm_1/U0/MDM_Core_I1/JTAG_CONTROL_I/Use_BSCAN.FDC_I/Q_0
    SLICE_X170Y407       LUT2 (Prop_D5LUT_SLICEL_I1_O)
                                                      0.039    36.122 f  top_i/mdm_1/U0/MDM_Core_I1/JTAG_CONTROL_I/Use_BSCAN.FDC_I/Use_UART.execute_i_2/O
                         net (fo=1, routed)           0.080    36.202    top_i/mdm_1/U0/MDM_Core_I1/JTAG_CONTROL_I/command_11
    SLICE_X170Y407       FDCE                                         f  top_i/mdm_1/U0/MDM_Core_I1/JTAG_CONTROL_I/Use_UART.execute_reg/CLR
  -------------------------------------------------------------------    -------------------

                         (clock top_i/mdm_1/U0/Use_E2.BSCAN_I/Use_E2.BSCANE2_I/UPDATE rise edge)
                                                      0.000     0.000 f  
    CONFIG_SITE_X0Y1     BSCANE2                      0.000     0.000 f  top_i/mdm_1/U0/Use_E2.BSCAN_I/Use_E2.BSCANE2_I/INTERNAL_TCK
    CONFIG_SITE_X0Y1     BSCANE2 (Prop_BSCAN2_CONFIG_SITE_INTERNAL_TCK_UPDATE)
                                                      5.100     5.100 r  top_i/mdm_1/U0/Use_E2.BSCAN_I/Use_E2.BSCANE2_I/UPDATE
                         net (fo=1, routed)           1.246     6.346    top_i/mdm_1/U0/Use_E2.BSCAN_I/Dbg_Update_0
    BUFGCE_X1Y143        BUFGCE (Prop_BUFCE_BUFGCE_I_O)
                                                      0.019     6.365 r  top_i/mdm_1/U0/Use_E2.BSCAN_I/Dbg_Update_0_BUFG_inst/O
    X3Y6 (CLOCK_ROOT)    net (fo=41, routed)          1.354     7.719    top_i/mdm_1/U0/MDM_Core_I1/JTAG_CONTROL_I/CLK
    SLICE_X170Y407       FDCE                                         r  top_i/mdm_1/U0/MDM_Core_I1/JTAG_CONTROL_I/Use_UART.execute_reg/C
                         clock pessimism             -5.060     2.659    
                         clock uncertainty            0.235     2.895    
    SLICE_X170Y407       FDCE (Remov_BFF_SLICEL_C_CLR)
                                                     -0.020     2.875    top_i/mdm_1/U0/MDM_Core_I1/JTAG_CONTROL_I/Use_UART.execute_reg
  -------------------------------------------------------------------
                         required time                         -2.875    
                         arrival time                          36.202    
  -------------------------------------------------------------------
                         slack                                 33.327    





