#-----------------------------------------------------------
# Vivado v2021.1 (64-bit)
# SW Build 3247384 on Thu Jun 10 19:36:07 MDT 2021
# IP Build 3246043 on Fri Jun 11 00:30:35 MDT 2021
# Start of session at: Wed Mar  1 10:58:50 2023
# Process ID: 531525
# Current directory: /home/fae/demo/mbzsx_v2021p1/vivado
# Command line: vivado
# Log file: /home/fae/demo/mbzsx_v2021p1/vivado/vivado.log
# Journal file: /home/fae/demo/mbzsx_v2021p1/vivado/vivado.jou
#-----------------------------------------------------------
start_gui
open_hw_manager
INFO: [IP_Flow 19-234] Refreshing IP repositories
INFO: [IP_Flow 19-1704] No user IP repositories specified
INFO: [IP_Flow 19-2313] Loaded Vivado IP repository '/tools/xilinx/Vivado/2021.1/data/ip'.
INFO: [Labtools 27-2285] Connecting to hw_server url TCP:localhost:3121
INFO: [Labtools 27-3415] Connecting to cs_server url TCP:localhost:3042
INFO: [Labtools 27-3417] Launching cs_server...
INFO: [Labtools 27-2221] Launch Output:


******** Xilinx cs_server v2021.1
  ****** Build date   : May 27 2021-01:32:33
    **** Build number : 2021.1.1622050353
      ** Copyright 2017-2023 Xilinx, Inc. All Rights Reserved.



ERROR: [Labtools 27-3094] Timeout while opening port to xvc server 192.168.1.255:2542.
INFO: [Labtoolstcl 44-466] Opening hw_target localhost:3121/xilinx_tcf/Xilinx/192.168.1.225:2542
open_hw_target: Time (s): cpu = 00:00:11 ; elapsed = 00:00:31 . Memory (MB): peak = 7808.176 ; gain = 0.000 ; free physical = 470489 ; free virtual = 510602
ERROR: [Common 17-39] 'open_hw_target' failed due to earlier errors.
close_hw_target {localhost:3121/xilinx_tcf/Xilinx/192.168.1.225:2542}
INFO: [Labtoolstcl 44-464] Closing hw_target localhost:3121/xilinx_tcf/Xilinx/192.168.1.225:2542
connect_hw_server -url localhost:3121 -allow_non_jtag
INFO: [Labtools 27-2285] Connecting to hw_server url TCP:localhost:3121
INFO: [Labtools 27-3415] Connecting to cs_server url TCP:localhost:3042
INFO: [Labtools 27-3414] Connected to existing cs_server.
current_hw_target [get_hw_targets */xilinx_tcf/Xilinx/192.168.1.225:2542]
set_property PARAM.FREQUENCY 10000000 [get_hw_targets */xilinx_tcf/Xilinx/192.168.1.225:2542]
open_hw_target
INFO: [Labtoolstcl 44-466] Opening hw_target localhost:3121/xilinx_tcf/Xilinx/192.168.1.225:2542
current_hw_device [get_hw_devices xcvu19p_0]
refresh_hw_device -update_hw_probes false [lindex [get_hw_devices xcvu19p_0] 0]
INFO: [Labtools 27-1434] Device xcvu19p (JTAG device index = 0) is programmed with a design that has no supported debug core(s) in it.
set_property PROBES.FILE {} [get_hw_devices xcvu19p_0]
set_property FULL_PROBES.FILE {} [get_hw_devices xcvu19p_0]
set_property PROGRAM.FILE {/home/fae/demo/mbzsx_v2021p1/vivado/export/hw.bit} [get_hw_devices xcvu19p_0]
program_hw_devices [get_hw_devices xcvu19p_0]
ERROR: [Labtools 27-3165] End of startup status: LOW
ERROR: [Common 17-39] 'program_hw_devices' failed due to earlier errors.
set_property PROBES.FILE {} [get_hw_devices xcvu19p_0]
set_property FULL_PROBES.FILE {} [get_hw_devices xcvu19p_0]
set_property PROGRAM.FILE {/home/fae/demo/mbzsx_v2021p1/vivado/export/hw.bit} [get_hw_devices xcvu19p_0]
program_hw_devices [get_hw_devices xcvu19p_0]
ERROR: [Labtools 27-3165] End of startup status: LOW
ERROR: [Common 17-39] 'program_hw_devices' failed due to earlier errors.
set_property PROBES.FILE {} [get_hw_devices xcvu19p_0]
set_property FULL_PROBES.FILE {} [get_hw_devices xcvu19p_0]
set_property PROGRAM.FILE {/home/fae/demo/mbzsx_v2021p1/vivado/export/hw.bit} [get_hw_devices xcvu19p_0]
program_hw_devices [get_hw_devices xcvu19p_0]
ERROR: [Labtools 27-3165] End of startup status: LOW
ERROR: [Common 17-39] 'program_hw_devices' failed due to earlier errors.
exit
INFO: [Common 17-206] Exiting Vivado at Wed Mar  1 12:21:04 2023...
